Build profile: -w ghc-9.6.6 -O1
In order, the following will be built (use -v for more details):
 - postgresql-query-3.10.0 (test:doctests) (ephemeral targets)
Preprocessing test suite 'doctests' for postgresql-query-3.10.0...
Building test suite 'doctests' for postgresql-query-3.10.0...

on the commandline: warning: [-Wdeprecated-flags]
    -XAutoDeriveTypeable is deprecated: Typeable instances are created automatically for all types since GHC 8.2.

on the commandline: warning: [-Wdeprecated-flags]
    -XAutoDeriveTypeable is deprecated: Typeable instances are created automatically for all types since GHC 8.2.
Running 1 test suites...
Test suite doctests: RUNNING...

on the commandline: warning: [-Wdeprecated-flags]
    -XAutoDeriveTypeable is deprecated: Typeable instances are created automatically for all types since GHC 8.2.
src/Database/PostgreSQL/Query/Entity/Internal.hs:32: failure in expression `con <- connect defaultConnectInfo'
expected: 
 but got: *** Exception: libpq: failed (connection to server at \"127.0.0.1\", port 5432 failed: Connection refused
          ^
          \tIs the server running on that host and accepting TCP/IP connections?
          )

src/Database/PostgreSQL/Query/Internal.hs:19: failure in expression `con <- connect defaultConnectInfo'
expected: 
 but got: *** Exception: libpq: failed (connection to server at \"127.0.0.1\", port 5432 failed: Connection refused
          ^
          \tIs the server running on that host and accepting TCP/IP connections?
          )

src/Database/PostgreSQL/Query/Types.hs:65: failure in expression `c <- connect defaultConnectInfo'
expected: 
 but got: *** Exception: libpq: failed (connection to server at \"127.0.0.1\", port 5432 failed: Connection refused
          ^
          \tIs the server running on that host and accepting TCP/IP connections?
          )

src/Database/PostgreSQL/Query/TH/SqlExp.hs:45: failure in expression `c <- connect defaultConnectInfo'
expected: 
 but got: *** Exception: libpq: failed (connection to server at \"127.0.0.1\", port 5432 failed: Connection refused
          ^
          \tIs the server running on that host and accepting TCP/IP connections?
          )

Examples: 84  Tried: 19  Errors: 0  Failures: 4
Test suite doctests: FAIL
Test suite logged to:
/tmp/workdir-postgresql-query/postgresql-query-3.10.0/dist-newstyle/build/x86_64-linux/ghc-9.6.6/postgresql-query-3.10.0/t/doctests/test/postgresql-query-3.10.0-doctests.log
0 of 1 test suites (0 of 1 test cases) passed.
Error: [Cabal-7125]
Tests failed for test:doctests from postgresql-query-3.10.0.

