Build profile: -w ghc-9.6.6 -O1
In order, the following will be built (use -v for more details):
 - tasty-papi-0.1.2.0 (test:tasty-papi-run) (ephemeral targets)
Preprocessing test suite 'tasty-papi-run' for tasty-papi-0.1.2.0...
Building test suite 'tasty-papi-run' for tasty-papi-0.1.2.0...
Running 1 test suites...
Test suite tasty-papi-run: RUNNING...
All
  Fib
    6:                FAIL
      Exception: PAPI: Failed to add counter TOT_INS: Event does not exist [-7]
      CallStack (from HasCallStack):
        error, called at ./Test/Tasty/PAPI.hs:267:9 in tasty-papi-0.1.2.0-inplace:Test.Tasty.PAPI
    7:                FAIL
      Exception: PAPI: Failed to add counter TOT_INS: Event does not exist [-7]
      CallStack (from HasCallStack):
        error, called at ./Test/Tasty/PAPI.hs:267:9 in tasty-papi-0.1.2.0-inplace:Test.Tasty.PAPI
    8:                FAIL
      Exception: PAPI: Failed to add counter TOT_INS: Event does not exist [-7]
      CallStack (from HasCallStack):
        error, called at ./Test/Tasty/PAPI.hs:267:9 in tasty-papi-0.1.2.0-inplace:Test.Tasty.PAPI
    9:                FAIL
      Exception: PAPI: Failed to add counter TOT_INS: Event does not exist [-7]
      CallStack (from HasCallStack):
        error, called at ./Test/Tasty/PAPI.hs:267:9 in tasty-papi-0.1.2.0-inplace:Test.Tasty.PAPI
    10:               FAIL
      Exception: PAPI: Failed to add counter TOT_INS: Event does not exist [-7]
      CallStack (from HasCallStack):
        error, called at ./Test/Tasty/PAPI.hs:267:9 in tasty-papi-0.1.2.0-inplace:Test.Tasty.PAPI
  Parameter evaluation
    Eval1:            FAIL
      Exception: PAPI: Failed to add counter TOT_INS: Event does not exist [-7]
      CallStack (from HasCallStack):
        error, called at ./Test/Tasty/PAPI.hs:267:9 in tasty-papi-0.1.2.0-inplace:Test.Tasty.PAPI
    Eval2:            FAIL
      Exception: PAPI: Failed to add counter TOT_INS: Event does not exist [-7]
      CallStack (from HasCallStack):
        error, called at ./Test/Tasty/PAPI.hs:267:9 in tasty-papi-0.1.2.0-inplace:Test.Tasty.PAPI
  Misc
    IORef regression: FAIL
      Exception: PAPI: Failed to add counter TOT_INS: Event does not exist [-7]
      CallStack (from HasCallStack):
        error, called at ./Test/Tasty/PAPI.hs:267:9 in tasty-papi-0.1.2.0-inplace:Test.Tasty.PAPI

8 out of 8 tests failed (0.00s)
Test suite tasty-papi-run: FAIL
Test suite logged to:
/tmp/workdir-tasty-papi/tasty-papi-0.1.2.0/dist-newstyle/build/x86_64-linux/ghc-9.6.6/tasty-papi-0.1.2.0/t/tasty-papi-run/test/tasty-papi-0.1.2.0-tasty-papi-run.log
0 of 1 test suites (0 of 1 test cases) passed.
Error: [Cabal-7125]
Tests failed for test:tasty-papi-run from tasty-papi-0.1.2.0.

