Build profile: -w ghc-9.6.6 -O1
In order, the following will be built (use -v for more details):
 - doctest-discover-0.2.0.0 (test:doctests) (ephemeral targets)
Preprocessing test suite 'doctests' for doctest-discover-0.2.0.0...
Building test suite 'doctests' for doctest-discover-0.2.0.0...
Running 1 test suites...
Test suite doctests: RUNNING...
/tmp/workdir-doctest-discover/doctest-discover-0.2.0.0/src/Main.hs:22: failure in expression `readConfig (Just "test/test-config.json")'
expected: Just (Config {ignore = ..., sourceFolders = ..., doctestOptions = ...})
 but got: *** Exception: test/test-config.json: openFile: does not exist (No such file or directory)
          ^

/tmp/workdir-doctest-discover/doctest-discover-0.2.0.0/src/Main.hs:43: failure in expression `map (stripPrefix prefix) <$> getAbsDirectoryContents "test/example"'
expected: [Just "/test/example/Foo.hs",Just "/test/example/Foo/Bar.hs"]
 but got: *** Exception: test/example: getDirectoryContents:openDirStream: does not exist (No such file or directory)
          ^

Examples: 24  Tried: 23  Errors: 0  Failures: 2
Test suite doctests: FAIL
Test suite logged to:
/tmp/workdir-doctest-discover/doctest-discover-0.2.0.0/dist-newstyle/build/x86_64-linux/ghc-9.6.6/doctest-discover-0.2.0.0/t/doctests/test/doctest-discover-0.2.0.0-doctests.log
0 of 1 test suites (0 of 1 test cases) passed.
Error: [Cabal-7125]
Tests failed for test:doctests from doctest-discover-0.2.0.0.

