Build profile: -w ghc-9.6.6 -O1
In order, the following will be built (use -v for more details):
 - postgresql-query-3.10.0 (test:test) (ephemeral targets)
Preprocessing test suite 'test' for postgresql-query-3.10.0...
Building test suite 'test' for postgresql-query-3.10.0...
Running 1 test suites...
Test suite test: RUNNING...
main
  ParserTest
    RopeParser:               OK
      +++ OK, passed 100 tests.
    expectLiterals:           OK
    expectComments:           OK
    expectInterpolation:      OK
  BuilderTest
    exptect parameter masked: FAIL
      Exception: libpq: failed (connection to server on socket "/var/run/postgresql/.s.PGSQL.5432" failed: No such file or directory
      	Is the server running locally and accepting connections on that socket?
      )
      Use -p '/exptect parameter masked/' to rerun this test only.
    expect parameter pasted:  FAIL
      Exception: libpq: failed (connection to server on socket "/var/run/postgresql/.s.PGSQL.5432" failed: No such file or directory
      	Is the server running locally and accepting connections on that socket?
      )
      Use -p '/expect parameter pasted/' to rerun this test only.

2 out of 6 tests failed (0.00s)
Test suite test: FAIL
Test suite logged to:
/tmp/workdir-postgresql-query/postgresql-query-3.10.0/dist-newstyle/build/x86_64-linux/ghc-9.6.6/postgresql-query-3.10.0/t/test/test/postgresql-query-3.10.0-test.log
0 of 1 test suites (0 of 1 test cases) passed.
Error: [Cabal-7125]
Tests failed for test:test from postgresql-query-3.10.0.

