Build profile: -w ghc-9.6.6 -O1
In order, the following will be built (use -v for more details):
 - dhall-1.42.1 (test:doctest) (ephemeral targets)
Preprocessing test suite 'doctest' for dhall-1.42.1...
Building test suite 'doctest' for dhall-1.42.1...
Running 1 test suites...
Test suite doctest: RUNNING...

/tmp/workdir-dhall/dhall-1.42.1/ghc-src/Dhall/Crypto.hs:21:1: error:
    Could not find module ‘Crypto.Hash.SHA256’
    Use -v (or `:set -v` in ghci) to see a list of the files searched for.

/tmp/workdir-dhall/dhall-1.42.1/ghc-src/Dhall/Crypto.hs:23:1: error:
    Could not find module ‘Data.ByteString.Base16’
    Perhaps you meant
      Data.ByteString.Lazy (from bytestring-0.11.5.3)
      Data.ByteString.Unsafe (from bytestring-0.11.5.3)
      Data.ByteString.Char8 (from bytestring-0.11.5.3)
    Use -v (or `:set -v` in ghci) to see a list of the files searched for.

/tmp/workdir-dhall/dhall-1.42.1/ghc-src/Dhall/Import/Manager.hs:19:1: error:
    Could not find module ‘Network.HTTP.Client’
    Use -v (or `:set -v` in ghci) to see a list of the files searched for.

/tmp/workdir-dhall/dhall-1.42.1/ghc-src/Dhall/Import/Manager.hs:20:1: error:
    Could not find module ‘Network.HTTP.Client’
    Use -v (or `:set -v` in ghci) to see a list of the files searched for.

/tmp/workdir-dhall/dhall-1.42.1/ghc-src/Dhall/Import/Manager.hs:23:1: error:
    Could not find module ‘Network.HTTP.Client.TLS’
    Use -v (or `:set -v` in ghci) to see a list of the files searched for.

/tmp/workdir-dhall/dhall-1.42.1/src/Dhall/Map.hs:75:1: error:
    Could not find module ‘Instances.TH.Lift’
    Use -v (or `:set -v` in ghci) to see a list of the files searched for.

/tmp/workdir-dhall/dhall-1.42.1/src/Dhall/Optics.hs:22:1: error:
    Could not find module ‘Data.Profunctor’
    Perhaps you meant
      Data.Bifunctor (from base-4.18.2.1)
      Data.Functor (from base-4.18.2.1)
    Use -v (or `:set -v` in ghci) to see a list of the files searched for.

/tmp/workdir-dhall/dhall-1.42.1/src/Dhall/Optics.hs:23:1: error:
    Could not find module ‘Data.Profunctor.Unsafe’
    Use -v (or `:set -v` in ghci) to see a list of the files searched for.

/tmp/workdir-dhall/dhall-1.42.1/src/Dhall/Optics.hs:24:1: error:
    Could not find module ‘Lens.Family’
    Use -v (or `:set -v` in ghci) to see a list of the files searched for.

/tmp/workdir-dhall/dhall-1.42.1/src/Dhall/Set.hs:33:1: error:
    Could not find module ‘Instances.TH.Lift’
    Use -v (or `:set -v` in ghci) to see a list of the files searched for.

/tmp/workdir-dhall/dhall-1.42.1/src/Dhall/Syntax/Types.hs-boot:7:1: error:
    Type constructor ‘FieldSelection’ has conflicting definitions in the module
    and its hs-boot file
    Main module: type FieldSelection :: * -> *
                 data FieldSelection s
                   = FieldSelection {fieldSelectionSrc0 :: Maybe s,
                                     fieldSelectionLabel :: !Text,
                                     fieldSelectionSrc1 :: Maybe s}
    Boot file:   type FieldSelection :: forall {k}. k -> *
                 data FieldSelection s
    The types have different kinds

/tmp/workdir-dhall/dhall-1.42.1/src/Dhall/Src.hs:19:1: error:
    Could not find module ‘Instances.TH.Lift’
    Use -v (or `:set -v` in ghci) to see a list of the files searched for.

/tmp/workdir-dhall/dhall-1.42.1/src/Dhall/Src.hs:21:1: error:
    Could not find module ‘Prettyprinter’
    Use -v (or `:set -v` in ghci) to see a list of the files searched for.

/tmp/workdir-dhall/dhall-1.42.1/src/Dhall/Src.hs:22:1: error:
    Could not find module ‘Text.Megaparsec’
    Use -v (or `:set -v` in ghci) to see a list of the files searched for.

/tmp/workdir-dhall/dhall-1.42.1/src/Dhall/Src.hs:27:1: error:
    Could not find module ‘Text.Megaparsec’
    Use -v (or `:set -v` in ghci) to see a list of the files searched for.
/tmp/workdir-dhall/dhall-1.42.1/src/Dhall/Deriving.hs:280: failure in expression `:{
font :: Decoder Font
font =
  union
    (  (Arial         <$ constructor "Arial"           unit)
    <> (ComicSans     <$ constructor "Comic Sans"      unit)
    <> (Helvetica     <$ constructor "Helvetica"       unit)
    <> (TimesNewRoman <$ constructor "Times New Roman" unit)
    )
:}'
expected: 
 but got: 
          ^
          <interactive>:52:9: error: [GHC-76037]
              Not in scope: type constructor or class ‘Decoder’

/tmp/workdir-dhall/dhall-1.42.1/src/Dhall/Deriving.hs:330: failure in expression `:{
instance FromDhall Name
instance FromDhall Font
instance FromDhall Person
:}'
expected: 
 but got: 
          ^
          <interactive>:77:10: error: [GHC-76037]
              Not in scope: type constructor or class ‘FromDhall’
          
          <interactive>:78:10: error: [GHC-76037]
              Not in scope: type constructor or class ‘FromDhall’
          
          <interactive>:79:10: error: [GHC-76037]
              Not in scope: type constructor or class ‘FromDhall’

/tmp/workdir-dhall/dhall-1.42.1/src/Dhall/Deriving.hs:464: failure in expression `:{
newtype Name = Name { getName :: Text }
  deriving stock (Generic, Show)
  deriving (FromDhall, ToDhall)
    via Codec (SetSingletonConstructors Bare) Name
:}'
expected: 
 but got: 
          ^
          <interactive>:97:13: error: [GHC-76037]
              Not in scope: type constructor or class ‘FromDhall’
          
          <interactive>:97:24: error: [GHC-76037]
              Not in scope: type constructor or class ‘ToDhall’
          
          <interactive>:98:9: error: [GHC-76037]
              Not in scope: type constructor or class ‘Codec’
          
          <interactive>:98:16: error: [GHC-76037]
              Not in scope: type constructor or class ‘SetSingletonConstructors’
          
          <interactive>:98:41: error: [GHC-76037]
              Not in scope: type constructor or class ‘Bare’

/tmp/workdir-dhall/dhall-1.42.1/src/Dhall/Tutorial.hs:147: failure in expression `import Dhall'
expected: 
 but got: 
          ^
          <no location info>: error:
              Could not find module ‘Dhall’
              It is not a module in the current program, or in any known package.

/tmp/workdir-dhall/dhall-1.42.1/src/Dhall/Tutorial.hs:244: failure in expression `input auto "1" :: IO Bool'
expected: *** Exception:
          ...Error...: Expression doesn't match annotation
          ...
          - Bool
          + Natural
          ...
          1│ 1 : Bool
          ...
          (input):1:1
          ...
 but got: 
          ^
          <interactive>:115:1: error: [GHC-88464]
              Variable not in scope: input :: t0 -> t1 -> IO Bool
          
          <interactive>:115:7: error: [GHC-88464] Variable not in scope: auto

/tmp/workdir-dhall/dhall-1.42.1/src/Dhall/Tutorial.hs:307: failure in expression `input auto "./bool" :: IO Bool'
expected: True
 but got: 
          ^
          <interactive>:123:1: error: [GHC-88464]
              Variable not in scope: input :: t0 -> t1 -> IO Bool
          
          <interactive>:123:7: error: [GHC-88464] Variable not in scope: auto

/tmp/workdir-dhall/dhall-1.42.1/src/Dhall/Tutorial.hs:463: failure in expression `input auto "[]" :: IO (Vector Natural)'
expected: *** Exception:
          ...Error...: Invalid input
          ...
          (input):1:3:
            |
          1 | []
            |   ^
          Empty list literal without annotation
          ...
 but got: 
          ^
          <interactive>:129:24: error: [GHC-76037]
              Not in scope: type constructor or class ‘Vector’
          
          <interactive>:129:31: error: [GHC-76037]
              Not in scope: type constructor or class ‘Natural’

/tmp/workdir-dhall/dhall-1.42.1/src/Dhall/Tutorial.hs:508: failure in expression `input auto "Some 1" :: IO (Maybe Natural)'
expected: Just 1
 but got: 
          ^
          <interactive>:135:34: error: [GHC-76037]
              Not in scope: type constructor or class ‘Natural’

/tmp/workdir-dhall/dhall-1.42.1/src/Dhall/Tutorial.hs:585: failure in expression `input auto "{ foo = True, bar = 2, baz = 4.2 }.baz" :: IO Double'
expected: 4.2
 but got: 
          ^
          <interactive>:141:1: error: [GHC-88464]
              Variable not in scope: input :: t0 -> t1 -> IO Double
          
          <interactive>:141:7: error: [GHC-88464] Variable not in scope: auto

/tmp/workdir-dhall/dhall-1.42.1/src/Dhall/Tutorial.hs:649: failure in expression `makeBools <- input auto "./makeBools.dhall" :: IO (Bool -> Vector Bool)'
expected: 
 but got: 
          ^
          <interactive>:147:60: error: [GHC-76037]
              Not in scope: type constructor or class ‘Vector’

/tmp/workdir-dhall/dhall-1.42.1/src/Dhall/Tutorial.hs:784: failure in expression `input auto "./makeBools.dhall True" :: IO (Vector Bool)'
expected: [True,False,True,True]
 but got: 
          ^
          <interactive>:153:44: error: [GHC-76037]
              Not in scope: type constructor or class ‘Vector’

/tmp/workdir-dhall/dhall-1.42.1/src/Dhall.hs:290: failure in expression `input integer "+2"'
expected: 2
 but got: 
          ^
          <interactive>:165:1: error: [GHC-88464]
              Variable not in scope: input :: t0 -> t1 -> t
          
          <interactive>:165:7: error: [GHC-88464]
              Variable not in scope: integer

/tmp/workdir-dhall/dhall-1.42.1/src/Dhall/Import.hs:247: failure in expression `import Dhall.Syntax'
expected: 
 but got: 
          ^
          <no location info>: error:
              Could not find module ‘Dhall.Syntax’
              It is not a module in the current program, or in any known package.

/tmp/workdir-dhall/dhall-1.42.1/src/Dhall/Marshal/Decode.hs:199: failure in expression `import Dhall (input)'
expected: 
 but got: 
          ^
          <no location info>: error:
              Could not find module ‘Dhall’
              It is not a module in the current program, or in any known package.

/tmp/workdir-dhall/dhall-1.42.1/src/Dhall/Marshal/Encode.hs:100: failure in expression `import Dhall.Pretty.Internal (prettyExpr)'
expected: 
 but got: 
          ^
          <no location info>: error:
              Could not find module ‘Dhall.Pretty.Internal’
              It is not a module in the current program, or in any known package.

/tmp/workdir-dhall/dhall-1.42.1/src/Dhall/Tags.hs:125: failure in expression `foundTerms = [(LC 1 4, "foo"), (LC 2 4, "baz")]'
expected: 
 but got: 
          ^
          <interactive>:185:16: error: [GHC-88464]
              Data constructor not in scope: LC :: t2 -> t3 -> a
              Suggested fix: Perhaps use ‘LT’ (imported from Prelude)
          
          <interactive>:185:33: error: [GHC-88464]
              Data constructor not in scope: LC :: t0 -> t1 -> a
              Suggested fix: Perhaps use ‘LT’ (imported from Prelude)

/tmp/workdir-dhall/dhall-1.42.1/src/Dhall/Core.hs:148: failure in expression `import qualified Codec.Serialise'
expected: 
 but got: 
          ^
          <no location info>: error:
              Could not find module ‘Codec.Serialise’
              It is not a module in the current program, or in any known package.

/tmp/workdir-dhall/dhall-1.42.1/src/Dhall/Pretty/Internal.hs:1965: failure in expression `import Test.QuickCheck (Fun(..))'
expected: 
 but got: 
          ^
          <no location info>: error:
              Could not find module ‘Test.QuickCheck’
              It is not a module in the current program, or in any known package.

/tmp/workdir-dhall/dhall-1.42.1/src/Dhall/Normalize.hs:1028: failure in expression `import Dhall.Syntax (Const(..))'
expected: 
 but got: 
          ^
          <no location info>: error:
              Could not find module ‘Dhall.Syntax’
              It is not a module in the current program, or in any known package.

/tmp/workdir-dhall/dhall-1.42.1/src/Dhall/Syntax/Instances/Eq.hs:20: failure in expression `import Dhall.Binary () -- For the orphan instance for `Serialise (Expr Void Import)`'
expected: 
 but got: 
          ^
          <no location info>: error:
              Could not find module ‘Dhall.Binary’
              Perhaps you meant Data.Binary (from binary-0.8.9.1)

/tmp/workdir-dhall/dhall-1.42.1/src/Dhall/Set.hs:118: failure in expression `sort (fromList [2, 1]) == fromList [1, 2]'
expected: True
 but got: 
          ^
          <interactive>:207:1: error: [GHC-88464]
              Variable not in scope: sort :: t0 -> a2
              Suggested fix: Perhaps use ‘sqrt’ (imported from Prelude)
          
          <interactive>:207:7: error: [GHC-88464]
              Variable not in scope: fromList :: [a1] -> t0
          
          <interactive>:207:27: error: [GHC-88464]
              Variable not in scope: fromList :: [a0] -> a2

/tmp/workdir-dhall/dhall-1.42.1/src/Dhall/Set.hs:125: failure in expression `isSorted (fromList [2, 1])'
expected: False
 but got: 
          ^
          <interactive>:211:1: error: [GHC-88464]
              Variable not in scope: isSorted :: t0 -> t
          
          <interactive>:211:11: error: [GHC-88464]
              Variable not in scope: fromList :: [a0] -> t0

/tmp/workdir-dhall/dhall-1.42.1/src/Dhall/Set.hs:134: failure in expression `null (fromList [1])'
expected: False
 but got: 
          ^
          <interactive>:215:7: error: [GHC-88464]
              Variable not in scope: fromList :: [a0] -> t0 a1

/tmp/workdir-dhall/dhall-1.42.1/src/Dhall/Set.hs:143: failure in expression `size (fromList [1])'
expected: 1
 but got: 
          ^
          <interactive>:219:1: error: [GHC-88464]
              Variable not in scope: size :: t0 -> t
          
          <interactive>:219:7: error: [GHC-88464]
              Variable not in scope: fromList :: [a0] -> t0

/tmp/workdir-dhall/dhall-1.42.1/src/Dhall/Map.hs:720: failure in expression `import Test.QuickCheck (Arbitrary(..), oneof)'
expected: 
 but got: 
          ^
          <no location info>: error:
              Could not find module ‘Test.QuickCheck’
              It is not a module in the current program, or in any known package.

Examples: 261  Tried: 44  Errors: 0  Failures: 25
Test suite doctest: FAIL
Test suite logged to:
/tmp/workdir-dhall/dhall-1.42.1/dist-newstyle/build/x86_64-linux/ghc-9.6.6/dhall-1.42.1/t/doctest/test/dhall-1.42.1-doctest.log
0 of 1 test suites (0 of 1 test cases) passed.
Error: [Cabal-7125]
Tests failed for test:doctest from dhall-1.42.1.

