Build profile: -w ghc-9.6.6 -O1
In order, the following will be built (use -v for more details):
 - what4-1.5.1 (test:abduct) (ephemeral targets)
Preprocessing test suite 'abduct' for what4-1.5.1...
Building test suite 'abduct' for what4-1.5.1...
Running 1 test suites...
Test suite abduct: RUNNING...
Tests
  testing SAT query for abduction:      FAIL
    Exception: user error (Could not find: cvc5)
    Use -p '/testing SAT query for abduction/' to rerun this test only.
  getting 3 abducts using cvc5 offline: FAIL
    Exception: cvc5: createProcess: posix_spawnp: does not exist (No such file or directory)
    Use -p '/getting 3 abducts using cvc5 offline/' to rerun this test only.
  getting 3 abducts using cvc5 online:  FAIL
    Exception: user error (Could not find: cvc5)
    Use -p '/getting 3 abducts using cvc5 online/' to rerun this test only.

3 out of 3 tests failed (0.00s)
Test suite abduct: FAIL
Test suite logged to:
/tmp/workdir-what4/what4-1.5.1/dist-newstyle/build/x86_64-linux/ghc-9.6.6/what4-1.5.1/t/abduct/test/what4-1.5.1-abduct.log
0 of 1 test suites (0 of 1 test cases) passed.
Error: [Cabal-7125]
Tests failed for test:abduct from what4-1.5.1.

