Build profile: -w ghc-9.6.6 -O1
In order, the following will be built (use -v for more details):
 - tasty-autocollect-0.4.3 (test:tasty-autocollect-tests) (ephemeral targets)
Preprocessing test suite 'tasty-autocollect-tests' for tasty-autocollect-0.4.3...
Building test suite 'tasty-autocollect-tests' for tasty-autocollect-0.4.3...
Running 1 test suites...
Test suite tasty-autocollect-tests: RUNNING...
tasty-autocollect
  Examples
    Addition:                                                        OK
    Reverse:                                                         OK
    reverse . reverse === id:                                        OK
      +++ OK, passed 100 tests.
    reverse . reverse === id:                                        OK
      +++ OK, passed 100 tests.
    Example golden test:                                             OK
  Test.Tasty.AutoCollect.Config
    parseConfig ignores comments:                                    OK
    parseConfig ignores empty lines:                                 OK
    parseConfig errors on ill-formed lines:                          OK
      +++ OK, passed 100 tests.
    parseConfig strips whitespace:                                   OK
      +++ OK, passed 100 tests.
    parseConfig parses import:                                       OK
    parseConfig parses suite_name:                                   OK
      +++ OK, passed 100 tests.
    parseConfig parses group_type:                                   OK
      +++ OK, passed 100 tests.
    parseConfig errors on invalid group_type:                        OK
      +++ OK, passed 100 tests.
    parseConfig parses strip_suffix:                                 OK
      +++ OK, passed 100 tests.
    parseConfig parses ingredients:                                  OK (0.03s)
      +++ OK, passed 100 tests.
    parseConfig strips whitespace when parsing ingredients:          OK (0.03s)
      +++ OK, passed 100 tests.
    parseConfig parses ingredients_override (case insensitive):      OK
      +++ OK, passed 100 tests.
    parseConfig errors on invalid ingredients_override:              OK
      +++ OK, passed 100 tests.
    parseConfig errors on unknown keys:                              OK
      +++ OK, passed 100 tests; 1 discarded.
    resolveConfig imports config recursively:                        OK
  Test.Tasty.AutoCollect.ConvertTest
    plugin works without tasty installed:                            FAIL
      Exception: Got: ExitFailure 1
      Stdout: 
      Stderr: <command line>: cannot satisfy -package tasty-hunit
          (use -v for more information)
      
      
      Use -p '/plugin works without tasty installed/' to rerun this test only.
    plugin works without Prelude:                                    FAIL
      Exception: Got: ExitFailure 1
      Stdout: 
      Stderr: <command line>: cannot satisfy -package tasty
          (use -v for more information)
      
      
      Use -p '/plugin works without Prelude/' to rerun this test only.
    plugin works when enabling -XOverloadedStrings:                  FAIL
      Exception: Got: ExitFailure 1
      Stdout: 
      Stderr: <command line>: cannot satisfy -package tasty
          (use -v for more information)
      
      
      Use -p '/plugin works when enabling -XOverloadedStrings/' to rerun this test only.
    plugin works when enabling -XOverloadedLists:                    FAIL
      Exception: Got: ExitFailure 1
      Stdout: 
      Stderr: <command line>: cannot satisfy -package tasty
          (use -v for more information)
      
      
      Use -p '/plugin works when enabling -XOverloadedLists/' to rerun this test only.
    plugin works when no extensions are enabled:                     FAIL
      Exception: Got: ExitFailure 1
      Stdout: 
      Stderr: <command line>: cannot satisfy -package tasty
          (use -v for more information)
      
      
      Use -p '/plugin works when no extensions are enabled/' to rerun this test only.
    tests fail when omitting export comment:                         FAIL
      Exception: No lines match: starts with "Module \8216Test\8217 does not export" or starts with "NB: the module \8216Test\8217 does not export"
      ["<command line>: cannot satisfy -package tasty","    (use -v for more information)"]
      CallStack (from HasCallStack):
        @?~, called at test/Test/Tasty/AutoCollect/ConvertTestTest.hs:87:23 in tasty-autocollect-0.4.3-inplace-tasty-autocollect-tests:Test.Tasty.AutoCollect.ConvertTestTest
      Use -p '/tests fail when omitting export comment/' to rerun this test only.
    test file can omit an explicit export list:                      FAIL
      Exception: Got: ExitFailure 1
      Stdout: 
      Stderr: <command line>: cannot satisfy -package tasty
          (use -v for more information)
      
      
      Use -p '/test file can omit an explicit export list/' to rerun this test only.
    test file can contain multi-function signature:                  FAIL
      Exception: Got: ExitFailure 1
      Stdout: 
      Stderr: <command line>: cannot satisfy -package tasty
          (use -v for more information)
      
      
      Use -p '/test file can contain multi-function signature/' to rerun this test only.
    generated test keeps where clause:                               FAIL
      Exception: Got: ExitFailure 1
      Stdout: 
      Stderr: <command line>: cannot satisfy -package tasty
          (use -v for more information)
      
      
      Use -p '/generated test keeps where clause/' to rerun this test only.
    test may specify type:                                           FAIL
      Exception: Got: ExitFailure 1
      Stdout: 
      Stderr: <command line>: cannot satisfy -package tasty
          (use -v for more information)
      
      
      Use -p '/test may specify type/' to rerun this test only.
    test fails when given arguments:                                 FAIL (0.08s)
      Test output was different from 'test/golden/test_args.golden'. It was:
      <command line>: cannot satisfy -package tasty
          (use -v for more information)
      
      Use -p '/test fails when given arguments/' to rerun this test only.
    test fails when specifying wrong type:                           FAIL (0.08s)
      Test output was different from 'test/golden/test_type.golden'. It was:
      <command line>: cannot satisfy -package tasty
          (use -v for more information)
      
      Use -p '/test fails when specifying wrong type/' to rerun this test only.
    tests can omit type signatures:                                  FAIL
      Exception: Got: ExitFailure 1
      Stdout: 
      Stderr: <command line>: cannot satisfy -package tasty
          (use -v for more information)
      
      
      Use -p '/tests can omit type signatures/' to rerun this test only.
    tests may omit type after specifying a type prior:               FAIL
      Exception: Got: ExitFailure 1
      Stdout: 
      Stderr: <command line>: cannot satisfy -package tasty-quickcheck
          (use -v for more information)
      
      
      Use -p '/tests may omit type after specifying a type prior/' to rerun this test only.
    test_batch generates multiple tests:                             FAIL
      Exception: Got: ExitFailure 1
      Stdout: 
      Stderr: <command line>: cannot satisfy -package tasty
          (use -v for more information)
      
      
      Use -p '/test_batch generates multiple tests/' to rerun this test only.
    test_batch includes where clause:                                FAIL
      Exception: Got: ExitFailure 1
      Stdout: 
      Stderr: <command line>: cannot satisfy -package tasty
          (use -v for more information)
      
      
      Use -p '/test_batch includes where clause/' to rerun this test only.
    test_batch may specify type:                                     FAIL
      Exception: Got: ExitFailure 1
      Stdout: 
      Stderr: <command line>: cannot satisfy -package tasty
          (use -v for more information)
      
      
      Use -p '/test_batch may specify type/' to rerun this test only.
    test_batch fails when given arguments:                           FAIL (0.05s)
      Test output was different from 'test/golden/test_batch_args.golden'. It was:
      <command line>: cannot satisfy -package tasty
          (use -v for more information)
      
      Use -p '/test_batch fails when given arguments/' to rerun this test only.
    test_batch fails when specifying wrong type:                     FAIL (0.06s)
      Test output was different from 'test/golden/test_batch_type.golden'. It was:
      <command line>: cannot satisfy -package tasty
          (use -v for more information)
      
      Use -p '/test_batch fails when specifying wrong type/' to rerun this test only.
    property tests may be written with test_prop:                    FAIL
      Exception: Got: ExitFailure 1
      Stdout: 
      Stderr: <command line>: cannot satisfy -package tasty-quickcheck
          (use -v for more information)
      
      
      Use -p '/property tests may be written with test_prop/' to rerun this test only.
    test_prop where clause has args in scope:                        FAIL
      Exception: Got: ExitFailure 1
      Stdout: 
      Stderr: <command line>: cannot satisfy -package tasty-quickcheck
          (use -v for more information)
      
      
      Use -p '/test_prop where clause has args in scope/' to rerun this test only.
    test_prop may omit type:                                         FAIL
      Exception: Got: ExitFailure 1
      Stdout: 
      Stderr: <command line>: cannot satisfy -package tasty-quickcheck
          (use -v for more information)
      
      
      Use -p '$0=="tasty-autocollect.Test.Tasty.AutoCollect.ConvertTest.test_prop may omit type"' to rerun this test only.
    test_prop may omit type after specifying a different type prior: FAIL
      Exception: Got: ExitFailure 1
      Stdout: 
      Stderr: <command line>: cannot satisfy -package tasty-quickcheck
          (use -v for more information)
      
      
      Use -p '/test_prop may omit type after specifying a different type prior/' to rerun this test only.
    test_prop uses any 'testProperty' function in scope:             FAIL
      Exception: Got: ExitFailure 1
      Stdout: 
      Stderr: <command line>: cannot satisfy -package tasty
          (use -v for more information)
      
      
      Use -p '/test_prop uses any '\''testProperty'\'' function in scope/' to rerun this test only.
    test_prop fails when no arguments provided:                      FAIL (0.08s)
      Test output was different from 'test/golden/test_prop_no_args.golden'. It was:
      <command line>: cannot satisfy -package tasty
          (use -v for more information)
      
      Use -p '/test_prop fails when no arguments provided/' to rerun this test only.
    test_prop fails when non-string argument provided:               FAIL (0.06s)
      Test output was different from 'test/golden/test_prop_bad_arg.golden'. It was:
      <command line>: cannot satisfy -package tasty
          (use -v for more information)
      
      Use -p '/test_prop fails when non-string argument provided/' to rerun this test only.
    test_prop works when -XOverloadedStrings is enabled:             FAIL
      Exception: Got: ExitFailure 1
      Stdout: 
      Stderr: <command line>: cannot satisfy -package tasty-quickcheck
          (use -v for more information)
      
      
      Use -p '/test_prop works when -XOverloadedStrings is enabled/' to rerun this test only.
    expectFail succeeds when test fails:                             FAIL (0.06s)
      Got: ExitFailure 1
      Stdout: 
      Stderr: <command line>: cannot satisfy -package tasty
          (use -v for more information)
      
      
      Use -p '/expectFail succeeds when test fails/' to rerun this test only.
    expectFailBecause succeeds when test fails:                      FAIL (0.06s)
      Got: ExitFailure 1
      Stdout: 
      Stderr: <command line>: cannot satisfy -package tasty
          (use -v for more information)
      
      
      Use -p '/expectFailBecause succeeds when test fails/' to rerun this test only.
    ignoreTest succeeds when test fails:                             FAIL (0.06s)
      Got: ExitFailure 1
      Stdout: 
      Stderr: <command line>: cannot satisfy -package tasty
          (use -v for more information)
      
      
      Use -p '/ignoreTest succeeds when test fails/' to rerun this test only.
    ignoreTestBecause succeeds when test fails:                      FAIL (0.06s)
      Got: ExitFailure 1
      Stdout: 
      Stderr: <command line>: cannot satisfy -package tasty
          (use -v for more information)
      
      
      Use -p '/ignoreTestBecause succeeds when test fails/' to rerun this test only.
    expected-failure modifiers work on test_batch:                   FAIL (0.06s)
      Test output was different from 'test/golden/test_batch_expectFailBecause_output.golden'. It was:
      
      Use -p '/expected-failure modifiers work on test_batch/' to rerun this test only.
    expected-failure modifiers work on test_prop:                    FAIL
      Exception: Got: ExitFailure 1
      Stdout: 
      Stderr: <command line>: cannot satisfy -package tasty-quickcheck
          (use -v for more information)
      
      
      Use -p '/expected-failure modifiers work on test_prop/' to rerun this test only.
  Test.Tasty.AutoCollect.GenerateMain
    allows omitting all configuration:                               FAIL
      Exception: Got: ExitFailure 1
      Stdout: 
      Stderr: <command line>: cannot satisfy -package tasty
          (use -v for more information)
      
      
      Use -p '/allows omitting all configuration/' to rerun this test only.
    searches recursively:                                            FAIL
      Exception: Got: ExitFailure 1
      Stdout: 
      Stderr: <command line>: cannot satisfy -package tasty
          (use -v for more information)
      
      
      Use -p '/searches recursively/' to rerun this test only.
    ignores binary files:                                            FAIL
      Exception: Got: ExitFailure 1
      Stdout: 
      Stderr: <command line>: cannot satisfy -package tasty
          (use -v for more information)
      
      
      Use -p '/ignores binary files/' to rerun this test only.
    ignores directories with invalid module name:                    FAIL
      Exception: Got: ExitFailure 1
      Stdout: 
      Stderr: <command line>: cannot satisfy -package tasty
          (use -v for more information)
      
      
      Use -p '/ignores directories with invalid module name/' to rerun this test only.
    ignores files with invalid module name:                          FAIL
      Exception: Got: ExitFailure 1
      Stdout: 
      Stderr: <command line>: cannot satisfy -package tasty
          (use -v for more information)
      
      
      Use -p '/ignores files with invalid module name/' to rerun this test only.
    output for group_type = flat is as expected:                     FAIL (0.06s)
      Got: ExitFailure 1
      Stdout: 
      Stderr: <command line>: cannot satisfy -package tasty
          (use -v for more information)
      
      
      Use -p '/output for group_type = flat is as expected/' to rerun this test only.
    output for group_type = modules is as expected:                  FAIL (0.06s)
      Got: ExitFailure 1
      Stdout: 
      Stderr: <command line>: cannot satisfy -package tasty
          (use -v for more information)
      
      
      Use -p '/output for group_type = modules is as expected/' to rerun this test only.
    output for group_type = tree is as expected:                     FAIL (0.06s)
      Got: ExitFailure 1
      Stdout: 
      Stderr: <command line>: cannot satisfy -package tasty
          (use -v for more information)
      
      
      Use -p '/output for group_type = tree is as expected/' to rerun this test only.
    generateMain orders test modules alphabetically:                 FAIL
      Exception: Got: ExitFailure 1
      Stdout: 
      Stderr: <command line>: cannot satisfy -package tasty
          (use -v for more information)
      
      
      Use -p '/generateMain orders test modules alphabetically/' to rerun this test only.
    allows stripping suffix from test modules:                       FAIL
      Exception: Got: ExitFailure 1
      Stdout: 
      Stderr: <command line>: cannot satisfy -package tasty
          (use -v for more information)
      
      
      Use -p '/allows stripping suffix from test modules/' to rerun this test only.
    suffix is stripped before building module tree:                  FAIL
      Exception: Got: ExitFailure 1
      Stdout: 
      Stderr: <command line>: cannot satisfy -package tasty
          (use -v for more information)
      
      
      Use -p '/suffix is stripped before building module tree/' to rerun this test only.
    allows adding extra ingredients:                                 FAIL
      Exception: Got: ExitFailure 1
      Stdout: 
      Stderr: <command line>: cannot satisfy -package tasty
          (use -v for more information)
      
      
      Use -p '/allows adding extra ingredients/' to rerun this test only.
    gives informative error when ingredient lacks module:            FAIL
      Exception: No lines match: "Ingredient needs to be fully qualified: myIngredient"
      ["<command line>: cannot satisfy -package tasty","    (use -v for more information)"]
      CallStack (from HasCallStack):
        @?~, called at test/Test/Tasty/AutoCollect/GenerateMainTest.hs:223:23 in tasty-autocollect-0.4.3-inplace-tasty-autocollect-tests:Test.Tasty.AutoCollect.GenerateMainTest
      Use -p '/gives informative error when ingredient lacks module/' to rerun this test only.
    allows disabling default tasty ingredients:                      FAIL
      Exception: "<command line>: cannot satisfy -package tasty\n    (use -v for more information)\n" doesn't start with "No ingredients agreed to run."
      CallStack (from HasCallStack):
        @?~, called at test/Test/Tasty/AutoCollect/GenerateMainTest.hs:232:10 in tasty-autocollect-0.4.3-inplace-tasty-autocollect-tests:Test.Tasty.AutoCollect.GenerateMainTest
      Use -p '/allows disabling default tasty ingredients/' to rerun this test only.
    allows overriding suite name:                                    FAIL
      Exception: Got: ExitFailure 1
      Stdout: 
      Stderr: <command line>: cannot satisfy -package tasty
          (use -v for more information)
      
      
      Use -p '/allows overriding suite name/' to rerun this test only.
    allows importing configuration:                                  FAIL
      Exception: Got: ExitFailure 1
      Stdout: 
      Stderr: <command line>: cannot satisfy -package tasty
          (use -v for more information)
      
      
      Use -p '/allows importing configuration/' to rerun this test only.
    allows customizing main module:                                  FAIL
      Exception: Got: ExitFailure 1
      Stdout: 
      Stderr: <command line>: cannot satisfy -package tasty
          (use -v for more information)
      
      
      Use -p '/allows customizing main module/' to rerun this test only.
  Test.Tasty.AutoCollect.ModuleType
    parseModuleType finds first comment:                             OK
    parseModuleType parses MAIN case-insensitive:                    OK
      +++ OK, passed 100 tests.
    parseModuleType parses TEST case-insensitive:                    OK
      +++ OK, passed 100 tests.
    parseModuleType parses configuration for main modules:           OK
  Test.Tasty.AutoCollect.Utils.TreeMap
    builds the correct tree:                                         OK
  Test.Tasty.Ext.Todo
    TODO tests appear as successful tests:                           FAIL
      Exception: Got: ExitFailure 1
      Stdout: 
      Stderr: <command line>: cannot satisfy -package tasty
          (use -v for more information)
      
      
      Use -p '/TODO tests appear as successful tests/' to rerun this test only.
    test_todo may specify type:                                      FAIL
      Exception: Got: ExitFailure 1
      Stdout: 
      Stderr: <command line>: cannot satisfy -package tasty
          (use -v for more information)
      
      
      Use -p '/test_todo may specify type/' to rerun this test only.
    test_todo fails when given arguments:                            FAIL (0.06s)
      Test output was different from 'test/golden/test_todo_args.golden'. It was:
      <command line>: cannot satisfy -package tasty
          (use -v for more information)
      
      Use -p '/test_todo fails when given arguments/' to rerun this test only.
    test_todo fails when specifying wrong type:                      FAIL (0.06s)
      Test output was different from 'test/golden/test_todo_type.golden'. It was:
      <command line>: cannot satisfy -package tasty
          (use -v for more information)
      
      Use -p '/test_todo fails when specifying wrong type/' to rerun this test only.
    --fail-todos makes TODO tests fail:                              FAIL (0.06s)
      Test output was different from 'test/golden/fail_todos.golden'. It was:
      
      Use -p '/--fail-todos makes TODO tests fail/' to rerun this test only.

55 out of 80 tests failed (3.35s)
Test suite tasty-autocollect-tests: FAIL
Test suite logged to:
/tmp/workdir-tasty-autocollect/tasty-autocollect-0.4.3/dist-newstyle/build/x86_64-linux/ghc-9.6.6/tasty-autocollect-0.4.3/t/tasty-autocollect-tests/test/tasty-autocollect-0.4.3-tasty-autocollect-tests.log
0 of 1 test suites (0 of 1 test cases) passed.
Error: [Cabal-7125]
Tests failed for test:tasty-autocollect-tests from tasty-autocollect-0.4.3.

