Build profile: -w ghc-9.6.6 -O1
In order, the following will be built (use -v for more details):
 - what4-1.5.1 (test:invariant-synthesis) (ephemeral targets)
Preprocessing test suite 'invariant-synthesis' for what4-1.5.1...
Building test suite 'invariant-synthesis' for what4-1.5.1...
Running 1 test suites...
Test suite invariant-synthesis: RUNNING...
SOLVER SELF-REPORTED VERSIONS::
  Solver cvc5 not found; skipping (would fail with CI_TEST_LEVEL=1)
  Solver z3 -> Z3 version 4.12.4 - 64 bit
Tests
  int cvc5 test: FAIL
    Exception: user error (Could not find: cvc5)
    Use -p '/int cvc5 test/' to rerun this test only.
  int z3 test:   OK (0.09s)
  bv cvc5 test:  FAIL
    Exception: user error (Could not find: cvc5)
    Use -p '/bv cvc5 test/' to rerun this test only.

2 out of 3 tests failed (0.10s)
Test suite invariant-synthesis: FAIL
Test suite logged to:
/tmp/workdir-what4/what4-1.5.1/dist-newstyle/build/x86_64-linux/ghc-9.6.6/what4-1.5.1/t/invariant-synthesis/test/what4-1.5.1-invariant-synthesis.log
0 of 1 test suites (0 of 1 test cases) passed.
Error: [Cabal-7125]
Tests failed for test:invariant-synthesis from what4-1.5.1.

