Build profile: -w ghc-9.6.6 -O1
In order, the following will be built (use -v for more details):
 - unexceptionalio-0.5.1 (test:tests) (ephemeral targets)
Preprocessing test suite 'tests' for unexceptionalio-0.5.1...
Building test suite 'tests' for unexceptionalio-0.5.1...
Running 1 test suites...
Test suite tests: RUNNING...
exit time
fork:
  ignores success: [OK]
  ignores threadKilled: [OK]
  re-throws SomeAsyncException: [OK]
  re-throws ExitCode: [OK]
  wraps sync PseudoException in ChildThreadError: [OK]
fromIO catches runtime errors:
  fail: [OK]
  userError: [OK]
  CustomException: [OK]
fromIO passes through programmer errors:
  TypeError: [OK]
  error: [OK]
  undefined: [OK]
  ArithException: [OK]
  assert: [OK]
  pattern match fail: [OK]
  array out of bounds: [OK]
  array uninitialized: [OK]
  no method: [OK]
  use uninitialized record field: [OK]
  use not present record field: [OK]
  update not present record field: [OK]
fromIO passes through termination:
  die: [OK]
  exitSuccess: [OK]
  exitFailure: [OK]
fromIO passes through exceptions from the runtime:
  AllocationLimitExceeded: [OK]
  ChildThreadError: [OK]
  NonTermination: [OK]
  StackOverflow: [OK]
  HeapOverflow: [OK]
  ThreadKilled: [OK]
  UserInterrupt: [OK]
  BlockedIndefinitelyOnMVar: [OK]
  BlockedIndefinitelyOnSTM: [OK]
  Deadlock: [OK]
  NestedAtomically: [OK]

         Test Cases  Total 
 Passed  34          34    
 Failed  0           0     
 Total   34          34    
Test suite tests: PASS
Test suite logged to:
/tmp/workdir-unexceptionalio/unexceptionalio-0.5.1/dist-newstyle/build/x86_64-linux/ghc-9.6.6/unexceptionalio-0.5.1/t/tests/test/unexceptionalio-0.5.1-tests.log
1 of 1 test suites (1 of 1 test cases) passed.
