Build profile: -w ghc-9.6.6 -O1
In order, the following will be built (use -v for more details):
 - logging-3.0.5 (test:test) (ephemeral targets)
Preprocessing test suite 'test' for logging-3.0.5...
Building test suite 'test' for logging-3.0.5...
Running 1 test suites...
Test suite test: RUNNING...

simple logging
11:16:05 [INFO] Hello, world!
11:16:05 [WARN] test-suite: you've been warned
11:16:05 [INFO] Did a good thing...
11:16:05 [INFO] Did a good thing...done [0.101053162s]
11:16:05 [INFO] Did a bad thing...
11:16:05 [INFO] Did a bad thing...FAIL (foo
CallStack (from HasCallStack):
  error, called at test/main.hs:22:39 in logging-3.0.5-inplace-test:Main) [0.100249838s]
11:16:05 [ERROR] Uh oh
  logs output [✔]
11:16:05 [WARN] Set LogLevel test: This is a shown info message
11:16:05 [ERROR] Set LogLevel test: This is a shown error message
  supports setting log levels [✔]
11:16:05 [DEBUG] foo.bar: This is a shown debug message
11:16:05 [DEBUG] baaz.quux: This is a shown debug message
11:16:05 [DEBUG] baaz: This is a shown debug message
11:16:05 [INFO] bar: This is a shown log message
11:16:05 [INFO] foo.bar: This is a shown log message
11:16:05 [WARN] foo: This is a shown warn message
  supports using debug classes [✔]

Finished in 0.2020 seconds
3 examples, 0 failures
Test suite test: PASS
Test suite logged to:
/tmp/workdir-logging/logging-3.0.5/dist-newstyle/build/x86_64-linux/ghc-9.6.6/logging-3.0.5/t/test/test/logging-3.0.5-test.log
1 of 1 test suites (1 of 1 test cases) passed.
