Build profile: -w ghc-9.6.6 -O1
In order, the following will be built (use -v for more details):
 - nanospec-0.2.2 (test:spec) (ephemeral targets)
Preprocessing test suite 'spec' for nanospec-0.2.2...
Building test suite 'spec' for nanospec-0.2.2...
Running 1 test suites...
Test suite spec: RUNNING...

hspec
/foo/foo 1/ OK
/foo/foo 2/ FAILED
failure
/foo/bar/bar 1/ FAILED
failure
/foo/bar/bar 2/ OK
/baz/baz 1/ FAILED
failure
5 example(s), 3 failure(s)
  exits with exitFailure if not all examples pass [✔]
  prints a report of the test run [✔]
evaluateExpectation
  returns Success if expectation holds [✔]
  returns Failure if expectation does not holds [✔]
  returns Failure on uncaught exceptions [✔]
  re-throws asynchronous exceptions [✔]
shouldBe
  succeeds if arguments are equal [✔]
  fails if arguments are not equal [✔]
shouldReturn
  succeeds if arguments represent equal values [✔]
  fails if arguments do not represent equal values [✔]

Finished in 0.0004 seconds
10 examples, 0 failures
Test suite spec: PASS
Test suite logged to:
/tmp/workdir-nanospec/nanospec-0.2.2/dist-newstyle/build/x86_64-linux/ghc-9.6.6/nanospec-0.2.2/t/spec/test/nanospec-0.2.2-spec.log
1 of 1 test suites (1 of 1 test cases) passed.
