Build profile: -w ghc-9.6.6 -O1
In order, the following will be built (use -v for more details):
 - snap-server-1.1.2.1 (test:testsuite) (ephemeral targets)
Preprocessing test suite 'testsuite' for snap-server-1.1.2.1...
Building test suite 'testsuite' for snap-server-1.1.2.1...
Running 1 test suites...
Test suite testsuite: RUNNING...
Blackbox: starting NormalTest server
Blackbox: starting ProxyTest server
Address:
  address/getNameInfo-fails: [OK]
  address/getAddress-unix-socket: [OK]
  address/getAddress-IPv6: [OK]
  address/getSockAddr: [OK]
  address/trivials: [OK]
Parser:
  parser/show: [OK]
  parser/parseCookie: [OK]
  parser/chunkedTransferEncoding: [OK, passed 100 tests]
  parser/shortParse: [OK]
  parser/partial: [OK]
  parser/error: [OK]
  parser/formEncoded: [OK]
  parser/trivials: [OK]
  parser/methods: [OK]
  parser/simpleParse: [OK]
  parser/simpleParseErrors: [OK]
  parser/writeChunked: [OK]
SendFile:
  sendfile/sendHeaders: [OK]
  sendfile/sendHeaders/crash: [OK]
  sendfile/sendfile-impl: [OK]
  sendfile/sendFile/crash: [OK]
  sendfile/sendfile-zero: [OK]
  sendfile/trivials: [OK]
Server:
  session/pong: [OK]
  session/pong1_0: [OK]
  session/dateHeaderDeleted: [OK]
  session/serverHeader: [OK]
  session/badParses:
    session/badParses/1: [OK]
    session/badParses/2: [OK]
    session/badParses/3: [OK]
  session/eof: [OK]
  session/expect100: [OK]
  session/noHost: [OK]
  session/noHost1_0: [OK]
  session/chunkedRequest: [OK]
  session/queryParams: [OK]
  session/postParams: [OK]
  session/postParamsReplacementBody: [OK]
  session/cookie: [OK]
  session/setCookie: [OK]
  session/userException: [OK]
  session/userBodyException: [OK]
  session/testEscape: [OK]
  session/postWithoutLength: [OK]
  session/weirdMissingSlash: [OK]
  session/onlyQueryString: [OK]
  session/connectionClose: [OK]
  session/userTerminate: [OK]
  session/sendFile: [OK]
  session/basicAcceptLoop: [OK]
  session/trivials: [OK]
  session/tls-stubs: [OK]
Socket:
  socket/unixSocketBind: [OK]
TimeoutManager:
  timeout/oneTimeout: [OK]
  timeout/slowToDie: [OK]
  timeout/oneTimeoutAfterInactivity: [OK]
  timeout/cancel: [OK]
  timeout/tickle: [OK]
Blackbox:
  blackbox/pong: [OK]
  blackbox/echo: [OK, passed 300 tests]
  blackbox/rot13: [OK, passed 300 tests]
  blackbox/slowloris: [OK]
  blackbox/testBlockingRead: [OK]
  blackbox/testBigResponse: [OK]
  blackbox/testPartial: [OK]
  blackbox/upload: [OK, passed 300 tests]
  blackbox/timeout/tickle: [OK]
  blackbox/hasDateHdr: [OK]
  blackbox/server-header: [OK]
  blackbox/fileserve: [OK]
  blackbox/testTimelyRedirect: [OK]
  blackbox/chunkedHead: [OK]
  blackbox/haProxy: [OK]
  blackbox/haProxyLocal: [OK]
  blackbox/haProxyFileServe: [OK]

         Properties  Test Cases  Total 
 Passed  4           71          75    
 Failed  0           0           0     
 Total   4           71          75    
Test suite testsuite: PASS
Test suite logged to:
/tmp/workdir-snap-server/snap-server-1.1.2.1/dist-newstyle/build/x86_64-linux/ghc-9.6.6/snap-server-1.1.2.1/t/testsuite/test/snap-server-1.1.2.1-testsuite.log
1 of 1 test suites (1 of 1 test cases) passed.
